<?xml version="1.0" encoding="UTF-8"?>
<testsuite name="homework15.ArrayInitializerTest" tests="1" skipped="0" failures="0" errors="0" timestamp="2023-09-04T14:06:44" hostname="OREST" time="0.021">
  <properties/>
  <testcase name="shouldInit()" classname="homework15.ArrayInitializerTest" time="0.021"/>
  <system-out><![CDATA[Thread num 1: [0.8966951136244035, 1.1147892422570507, 0.396040051283004]
Thread num 2: [0.8966951136244035, 1.1147892422570507]
[0.8966951136244035, 1.1147892422570507, 0.396040051283004, 0.8966951136244035, 1.1147892422570507]
]]></system-out>
  <system-err><![CDATA[]]></system-err>
</testsuite>
